Arguments: 
  /Users/abrahm/.nvm/versions/node/v8.12.0/bin/node /usr/local/bin/yarn compile

PATH: 
  /Users/abrahm/.pyenv/shims:/usr/local/opt/node@8/bin:/Users/abrahm/usr/local/bin/python3:/Users/abrahm/bin:/usr/local/bin:/Users/abrahm/.nvm/versions/node/v8.12.0/bin:/Library/Frameworks/Python.framework/Versions/3.5/bin:/Library/Frameworks/Python.framework/Versions/3.6/bin:/Library/Frameworks/Python.framework/Versions/3.7/bin:/Library/Frameworks/Python.framework/Versions/3.4/bin:/usr/local/bin:/usr/bin:/bin:/usr/sbin:/sbin:/usr/local/go/bin:/usr/local/MacGPG2/bin:/usr/local/bin:/Users/abrahm/.rvm/bin

Yarn version: 
  1.12.3

Node version: 
  8.12.0

Platform: 
  darwin x64

Trace: 
  SyntaxError: /Users/abrahm/Documents/projects/sdc-responses-dashboard-api/package.json: Unexpected token } in JSON at position 1127
      at JSON.parse (<anonymous>)
      at /usr/local/lib/node_modules/yarn/lib/cli.js:1631:59
      at Generator.next (<anonymous>)
      at step (/usr/local/lib/node_modules/yarn/lib/cli.js:304:30)
      at /usr/local/lib/node_modules/yarn/lib/cli.js:315:13
      at <anonymous>

npm manifest: 
  {
    "name": "sdc-responses-dashboard",
    "version": "1.0.0",
    "description": "ONS Digital SDC Responses Dashboard App",
    "author": {
      "name": "ONS Digital",
      "url": "http://onsdigital.github.io/"
    },
    "main": "gulpfile.babel.js",
    "scripts": {
      "compile": "yarn && gulp compile",
      "lint": "gulp lint:js"
    },
    "repository": {
      "type": "git",
      "url": "https://github.com/ONSdigital/sdc-responses-dashboard"
    },
    "license": "MIT",
    "bugs": {
      "url": "https://github.com/ONSdigital/sdc-responses-dashboard/issues"
    },
    "homepage": "https://github.com/ONSdigital/sdc-responses-dashboard#readme",
    "devDependencies": {
      "@babel/core": "^7.1.5",
      "@babel/preset-env": "^7.1.5",
      "@babel/register": "^7.0.0",
      "babel-eslint": "^10.0.1",
      "browserify": "^16.2.3",
      "del": "^3.0.0",
      "eslint-config-google": "^0.11.0",
      "gulp": "4.0.0",
      "gulp-babel": "^8.0.0",
      "gulp-buffer": "^0.0.2",
      "gulp-clean-css": "^4.0.0",
      "gulp-eslint": "^5.0.0",
      "gulp-prettier-eslint": "^1.1.0",
      "gulp-rename": "^1.4.0",
      "gulp-tap": "^1.0.1",
      "gulp-uglify": "^3.0.1",
    },
    "dependencies": {
      "bootstrap": "3.3.7",
      "datatables.net": "1.10.19",
      "datatables.net-scroller": "1.5.1",
      "domready": "^1.0.8",
      "jquery": "3.3.1",
      "jquery-ui": "1.12.1",
      "local-storage": "^1.4.2",
      "moment": "^2.23.0",
      "pace-js": "1.0.2"
    }
  }

yarn manifest: 
  No manifest

Lockfile: 
  No lockfile
